{
  "stats": {
    "suites": 1,
    "tests": 2,
    "passes": 2,
    "pending": 0,
    "failures": 0,
    "testsRegistered": 2,
    "passPercent": 100,
    "pendingPercent": 0,
    "other": 0,
    "hasOther": false,
    "skipped": 0,
    "hasSkipped": false,
    "start": "2025-08-15T01:53:48.209Z",
    "end": "2025-08-15T01:53:59.439Z",
    "duration": 11230
  },
  "results": [
    {
      "uuid": "4f36570a-0417-4e3a-a9d8-18379b7c720e",
      "title": "",
      "fullFile": "cypress\\e2e\\step_definitions\\login.feature",
      "file": "cypress\\e2e\\step_definitions\\login.feature",
      "beforeHooks": [],
      "afterHooks": [],
      "tests": [],
      "suites": [
        {
          "uuid": "74e4b70f-fcd8-46f8-81fb-dff25af98dee",
          "title": "Login",
          "fullFile": "",
          "file": "",
          "beforeHooks": [],
          "afterHooks": [],
          "tests": [
            {
              "title": "Login com sucesso (example #1)",
              "fullTitle": "Login Login com sucesso (example #1)",
              "timedOut": null,
              "duration": 2474,
              "state": "passed",
              "speed": "fast",
              "pass": true,
              "fail": false,
              "pending": false,
              "context": null,
              "code": "const state = window.testState;\nreturn cy\n  .then(() => state.onStartScenario(scenario, indexedSteps))\n  .then(() =>\n    resolveAndRunBeforeHooks.call(this, scenario.tags, state.feature.name)\n  )\n  .then(() =>\n    indexedSteps.forEach((step) =>\n      stepTest.call(this, state, step, rowData)\n    )\n  )\n  .then(() => state.onFinishScenario(scenario));",
              "err": {},
              "uuid": "293ff3fe-3867-4bb5-86f4-f21c54965c0d",
              "parentUUID": "74e4b70f-fcd8-46f8-81fb-dff25af98dee",
              "isHook": false,
              "skipped": false
            },
            {
              "title": "Login com erro 503 (example #2)",
              "fullTitle": "Login Login com erro 503 (example #2)",
              "timedOut": null,
              "duration": 5300,
              "state": "passed",
              "speed": "medium",
              "pass": true,
              "fail": false,
              "pending": false,
              "context": null,
              "code": "const state = window.testState;\nreturn cy\n  .then(() => state.onStartScenario(scenario, indexedSteps))\n  .then(() =>\n    resolveAndRunBeforeHooks.call(this, scenario.tags, state.feature.name)\n  )\n  .then(() =>\n    indexedSteps.forEach((step) =>\n      stepTest.call(this, state, step, rowData)\n    )\n  )\n  .then(() => state.onFinishScenario(scenario));",
              "err": {},
              "uuid": "2e70f817-5ed6-41c3-8116-6194b06ef69e",
              "parentUUID": "74e4b70f-fcd8-46f8-81fb-dff25af98dee",
              "isHook": false,
              "skipped": false
            }
          ],
          "suites": [],
          "passes": [
            "293ff3fe-3867-4bb5-86f4-f21c54965c0d",
            "2e70f817-5ed6-41c3-8116-6194b06ef69e"
          ],
          "failures": [],
          "pending": [],
          "skipped": [],
          "duration": 7774,
          "root": false,
          "rootEmpty": false,
          "_timeout": 2000
        }
      ],
      "passes": [],
      "failures": [],
      "pending": [],
      "skipped": [],
      "duration": 0,
      "root": true,
      "rootEmpty": true,
      "_timeout": 2000
    }
  ],
  "meta": {
    "mocha": {
      "version": "7.2.0"
    },
    "mochawesome": {
      "options": {
        "quiet": false,
        "reportFilename": "mochawesome",
        "saveHtml": false,
        "saveJson": true,
        "consoleReporter": "spec",
        "useInlineDiffs": false,
        "code": true
      },
      "version": "7.1.3"
    },
    "marge": {
      "options": {
        "reportDir": "cypress/reports",
        "overwrite": false,
        "html": false,
        "json": true
      },
      "version": "6.2.0"
    }
  }
}