{
  "stats": {
    "suites": 1,
    "tests": 2,
    "passes": 2,
    "pending": 0,
    "failures": 0,
    "testsRegistered": 2,
    "passPercent": 100,
    "pendingPercent": 0,
    "other": 0,
    "hasOther": false,
    "skipped": 0,
    "hasSkipped": false,
    "start": "2025-08-14T23:25:17.397Z",
    "end": "2025-08-14T23:25:25.371Z",
    "duration": 7974
  },
  "results": [
    {
      "uuid": "cba0f10d-e2a0-4a4a-8dbf-ed3f1cb20401",
      "title": "",
      "fullFile": "cypress/e2e/step_definitions/login.feature",
      "file": "cypress/e2e/step_definitions/login.feature",
      "beforeHooks": [],
      "afterHooks": [],
      "tests": [],
      "suites": [
        {
          "uuid": "cf94c9d9-7a16-4479-a0da-19dcaee50db8",
          "title": "Login",
          "fullFile": "",
          "file": "",
          "beforeHooks": [],
          "afterHooks": [],
          "tests": [
            {
              "title": "Login na aplicação (example #1)",
              "fullTitle": "Login Login na aplicação (example #1)",
              "timedOut": null,
              "duration": 1455,
              "state": "passed",
              "speed": "fast",
              "pass": true,
              "fail": false,
              "pending": false,
              "context": null,
              "code": "const state = window.testState;\nreturn cy\n  .then(() => state.onStartScenario(scenario, indexedSteps))\n  .then(() =>\n    resolveAndRunBeforeHooks.call(this, scenario.tags, state.feature.name)\n  )\n  .then(() =>\n    indexedSteps.forEach((step) =>\n      stepTest.call(this, state, step, rowData)\n    )\n  )\n  .then(() => state.onFinishScenario(scenario));",
              "err": {},
              "uuid": "1611466b-99a2-4699-a91b-fe50ca419e7b",
              "parentUUID": "cf94c9d9-7a16-4479-a0da-19dcaee50db8",
              "isHook": false,
              "skipped": false
            },
            {
              "title": "Login na aplicação (example #2)",
              "fullTitle": "Login Login na aplicação (example #2)",
              "timedOut": null,
              "duration": 4771,
              "state": "passed",
              "speed": "fast",
              "pass": true,
              "fail": false,
              "pending": false,
              "context": null,
              "code": "const state = window.testState;\nreturn cy\n  .then(() => state.onStartScenario(scenario, indexedSteps))\n  .then(() =>\n    resolveAndRunBeforeHooks.call(this, scenario.tags, state.feature.name)\n  )\n  .then(() =>\n    indexedSteps.forEach((step) =>\n      stepTest.call(this, state, step, rowData)\n    )\n  )\n  .then(() => state.onFinishScenario(scenario));",
              "err": {},
              "uuid": "551682b7-cb64-4328-a142-cc301cea8b88",
              "parentUUID": "cf94c9d9-7a16-4479-a0da-19dcaee50db8",
              "isHook": false,
              "skipped": false
            }
          ],
          "suites": [],
          "passes": [
            "1611466b-99a2-4699-a91b-fe50ca419e7b",
            "551682b7-cb64-4328-a142-cc301cea8b88"
          ],
          "failures": [],
          "pending": [],
          "skipped": [],
          "duration": 6226,
          "root": false,
          "rootEmpty": false,
          "_timeout": 2000
        }
      ],
      "passes": [],
      "failures": [],
      "pending": [],
      "skipped": [],
      "duration": 0,
      "root": true,
      "rootEmpty": true,
      "_timeout": 2000
    }
  ],
  "meta": {
    "mocha": {
      "version": "7.2.0"
    },
    "mochawesome": {
      "options": {
        "quiet": false,
        "reportFilename": "mochawesome",
        "saveHtml": false,
        "saveJson": true,
        "consoleReporter": "spec",
        "useInlineDiffs": false,
        "code": true
      },
      "version": "7.1.3"
    },
    "marge": {
      "options": {
        "reportDir": "cypress/reports",
        "overwrite": false,
        "html": false,
        "json": true
      },
      "version": "6.2.0"
    }
  }
}